[0m01:00:47.930781 [debug] [MainThread]: Sending event: {'category': 'dbt', 'action': 'invocation', 'label': 'start', 'context': [<snowplow_tracker.self_describing_json.SelfDescribingJson object at 0x0000025545A7F550>, <snowplow_tracker.self_describing_json.SelfDescribingJson object at 0x000002554A467850>, <snowplow_tracker.self_describing_json.SelfDescribingJson object at 0x000002554A46F190>]}


============================== 01:00:48.075335 | e3b0ecea-273c-4bbd-a880-9200a118e6a8 ==============================
[0m01:00:48.075335 [info ] [MainThread]: Running with dbt=1.11.8
[0m01:00:48.082591 [debug] [MainThread]: running dbt with arguments {'version_check': 'True', 'no_print': 'None', 'static_parser': 'True', 'target_path': 'None', 'warn_error_options': 'WarnErrorOptionsV2(error=[], warn=[], silence=[])', 'printer_width': '80', 'write_json': 'True', 'empty': 'None', 'log_cache_events': 'False', 'introspect': 'True', 'cache_selected_only': 'False', 'fail_fast': 'False', 'debug': 'False', 'log_format': 'default', 'profiles_dir': 'C:\\Users\\user\\.dbt', 'send_anonymous_usage_stats': 'True', 'quiet': 'False', 'warn_error': 'None', 'partial_parse': 'True', 'indirect_selection': 'eager', 'use_colors': 'True', 'invocation_command': 'dbt init', 'use_experimental_parser': 'False', 'log_path': 'logs'}
[0m01:00:48.400283 [info ] [MainThread]: Creating dbt configuration folder at C:\Users\user\.dbt
[0m01:01:14.494883 [debug] [MainThread]: Starter project path: C:\Users\user\Data Engineering\DBT Learning\.venv\Lib\site-packages\dbt\include\starter_project
[0m01:01:14.571433 [info ] [MainThread]: 
Your new dbt project "sunny_dbt_learning" was created!

For more information on how to configure the profiles.yml file,
please consult the dbt documentation here:

  https://docs.getdbt.com/docs/configure-your-profile

One more thing:

Need help? Don't hesitate to reach out to us via GitHub issues or on Slack:

  https://community.getdbt.com/

Happy modeling!

[0m01:01:14.573459 [info ] [MainThread]: Setting up your profile.
[0m01:02:25.400111 [debug] [MainThread]: Spark adapter: Setting pyhive.hive logging to ERROR
[0m01:02:25.402126 [debug] [MainThread]: Spark adapter: Setting thrift.transport logging to ERROR
[0m01:02:25.404140 [debug] [MainThread]: Spark adapter: Setting thrift.protocol logging to ERROR
[0m01:10:20.066408 [info ] [MainThread]: Profile sunny_dbt_learning written to C:\Users\user\.dbt\profiles.yml using target's profile_template.yml and your supplied values. Run 'dbt debug' to validate the connection.
[0m01:10:20.066408 [debug] [MainThread]: Command `dbt init` succeeded at 01:10:20.066408 after 572.30 seconds
[0m01:10:20.066408 [debug] [MainThread]: Sending event: {'category': 'dbt', 'action': 'invocation', 'label': 'end', 'context': [<snowplow_tracker.self_describing_json.SelfDescribingJson object at 0x0000025549FC9D90>, <snowplow_tracker.self_describing_json.SelfDescribingJson object at 0x0000025542724950>, <snowplow_tracker.self_describing_json.SelfDescribingJson object at 0x0000025542724850>]}
[0m01:10:20.072938 [debug] [MainThread]: Flushing usage events
[0m01:10:22.138157 [debug] [MainThread]: An error was encountered while trying to flush usage events
[0m01:12:43.046073 [debug] [MainThread]: Sending event: {'category': 'dbt', 'action': 'invocation', 'label': 'start', 'context': [<snowplow_tracker.self_describing_json.SelfDescribingJson object at 0x000001F8BB9D30D0>, <snowplow_tracker.self_describing_json.SelfDescribingJson object at 0x000001F8BA9A84D0>, <snowplow_tracker.self_describing_json.SelfDescribingJson object at 0x000001F8BA9AA990>]}


============================== 01:12:43.063845 | d17ff283-750d-4437-82be-fea17bc82022 ==============================
[0m01:12:43.063845 [info ] [MainThread]: Running with dbt=1.11.8
[0m01:12:43.072599 [debug] [MainThread]: running dbt with arguments {'version_check': 'True', 'no_print': 'None', 'static_parser': 'True', 'target_path': 'None', 'warn_error_options': 'WarnErrorOptionsV2(error=[], warn=[], silence=[])', 'printer_width': '80', 'write_json': 'True', 'introspect': 'True', 'log_cache_events': 'False', 'empty': 'None', 'cache_selected_only': 'False', 'fail_fast': 'False', 'debug': 'False', 'log_format': 'default', 'profiles_dir': 'C:\\Users\\user\\.dbt', 'send_anonymous_usage_stats': 'True', 'quiet': 'False', 'warn_error': 'None', 'partial_parse': 'True', 'indirect_selection': 'eager', 'invocation_command': 'dbt debug', 'use_colors': 'True', 'use_experimental_parser': 'False', 'log_path': 'logs'}
[0m01:12:43.214859 [info ] [MainThread]: dbt version: 1.11.8
[0m01:12:43.218973 [info ] [MainThread]: python version: 3.11.4
[0m01:12:43.221181 [info ] [MainThread]: python path: C:\Users\user\Data Engineering\DBT Learning\.venv\Scripts\python.exe
[0m01:12:43.221181 [info ] [MainThread]: os info: Windows-10-10.0.26200-SP0
[0m01:12:45.943422 [debug] [MainThread]: Spark adapter: Setting pyhive.hive logging to ERROR
[0m01:12:45.943422 [debug] [MainThread]: Spark adapter: Setting thrift.transport logging to ERROR
[0m01:12:45.943422 [debug] [MainThread]: Spark adapter: Setting thrift.protocol logging to ERROR
[0m01:12:48.359053 [info ] [MainThread]: Using profiles dir at C:\Users\user\.dbt
[0m01:12:48.360869 [info ] [MainThread]: Using profiles.yml file at C:\Users\user\.dbt\profiles.yml
[0m01:12:48.360869 [info ] [MainThread]: Using dbt_project.yml file at C:\Users\user\Data Engineering\DBT Learning\dbt_project.yml
[0m01:12:48.360869 [info ] [MainThread]: adapter type: databricks
[0m01:12:48.365873 [info ] [MainThread]: adapter version: 1.10.9
[0m01:12:48.368120 [info ] [MainThread]: Configuration:
[0m01:12:48.369196 [info ] [MainThread]:   profiles.yml file [[32mOK found and valid[0m]
[0m01:12:48.372035 [info ] [MainThread]:   dbt_project.yml file [[31mERROR not found[0m]
[0m01:12:48.372035 [info ] [MainThread]: Required dependencies:
[0m01:12:48.376326 [debug] [MainThread]: Executing "git --help"
[0m01:12:48.497954 [debug] [MainThread]: STDOUT: "b"usage: git [-v | --version] [-h | --help] [-C <path>] [-c <name>=<value>]\n           [--exec-path[=<path>]] [--html-path] [--man-path] [--info-path]\n           [-p | --paginate | -P | --no-pager] [--no-replace-objects] [--no-lazy-fetch]\n           [--no-optional-locks] [--no-advice] [--bare] [--git-dir=<path>]\n           [--work-tree=<path>] [--namespace=<name>] [--config-env=<name>=<envvar>]\n           <command> [<args>]\n\nThese are common Git commands used in various situations:\n\nstart a working area (see also: git help tutorial)\n   clone      Clone a repository into a new directory\n   init       Create an empty Git repository or reinitialize an existing one\n\nwork on the current change (see also: git help everyday)\n   add        Add file contents to the index\n   mv         Move or rename a file, a directory, or a symlink\n   restore    Restore working tree files\n   rm         Remove files from the working tree and from the index\n\nexamine the history and state (see also: git help revisions)\n   bisect     Use binary search to find the commit that introduced a bug\n   diff       Show changes between commits, commit and working tree, etc\n   grep       Print lines matching a pattern\n   log        Show commit logs\n   show       Show various types of objects\n   status     Show the working tree status\n\ngrow, mark and tweak your common history\n   backfill   Download missing objects in a partial clone\n   branch     List, create, or delete branches\n   commit     Record changes to the repository\n   merge      Join two or more development histories together\n   rebase     Reapply commits on top of another base tip\n   reset      Set `HEAD` or the index to a known state\n   switch     Switch branches\n   tag        Create, list, delete or verify tags\n\ncollaborate (see also: git help workflows)\n   fetch      Download objects and refs from another repository\n   pull       Fetch from and integrate with another repository or a local branch\n   push       Update remote refs along with associated objects\n\n'git help -a' and 'git help -g' list available subcommands and some\nconcept guides. See 'git help <command>' or 'git help <concept>'\nto read about a specific subcommand or concept.\nSee 'git help git' for an overview of the system.\n""
[0m01:12:48.497954 [debug] [MainThread]: STDERR: "b''"
[0m01:12:48.497954 [info ] [MainThread]:  - git [[32mOK found[0m]

[0m01:12:48.504191 [info ] [MainThread]: Connection:
[0m01:12:48.504191 [info ] [MainThread]:   host: dbc-3383e23f-8b06.cloud.databricks.com
[0m01:12:48.504191 [info ] [MainThread]:   http_path: /sql/1.0/warehouses/15d269b786421247
[0m01:12:48.504191 [info ] [MainThread]:   catalog: dbt-catalog
[0m01:12:48.511510 [info ] [MainThread]:   schema: default
[0m01:12:48.512530 [info ] [MainThread]: Registered adapter: databricks=1.10.9
[0m01:12:49.790993 [debug] [MainThread]: Databricks adapter: DatabricksDBTConnection(session-id=None, name=debug) - Creating connection
[0m01:12:49.790993 [debug] [MainThread]: Acquiring new databricks connection 'debug'
[0m01:12:49.790993 [debug] [MainThread]: Using databricks connection "debug"
[0m01:12:49.800978 [debug] [MainThread]: On debug: select 1 as id
[0m01:12:49.800978 [debug] [MainThread]: Opening a new connection, currently in state init
[0m01:12:53.026813 [debug] [MainThread]: Databricks adapter: Connection(session-id=01f13515-7655-1545-add1-7d52e3df3a65) - Created
[0m01:12:53.930011 [debug] [MainThread]: SQL status: OK in 4.130 seconds
[0m01:12:53.930011 [debug] [MainThread]: Databricks adapter: Cursor(session-id=01f13515-7655-1545-add1-7d52e3df3a65, command-id=01f13515-7772-13d3-bbf8-40836c476e2c) - Closing
[0m01:12:53.930011 [debug] [MainThread]: On debug: Close
[0m01:12:53.930011 [debug] [MainThread]: Databricks adapter: Connection(session-id=01f13515-7655-1545-add1-7d52e3df3a65) - Closing
[0m01:12:54.304193 [info ] [MainThread]:   Connection test: [[32mOK connection ok[0m]

[0m01:12:54.304193 [info ] [MainThread]: [31m1 check failed:[0m
[0m01:12:54.313728 [info ] [MainThread]: Project loading failed for the following reason:
 project path <C:\Users\user\Data Engineering\DBT Learning\dbt_project.yml> not found

[0m01:12:54.319771 [debug] [MainThread]: Command `dbt debug` failed at 01:12:54.317741 after 11.60 seconds
[0m01:12:54.322881 [debug] [MainThread]: Sending event: {'category': 'dbt', 'action': 'invocation', 'label': 'end', 'context': [<snowplow_tracker.self_describing_json.SelfDescribingJson object at 0x000001F8B3EC4A50>, <snowplow_tracker.self_describing_json.SelfDescribingJson object at 0x000001F8BA75C7D0>, <snowplow_tracker.self_describing_json.SelfDescribingJson object at 0x000001F8BA9A75D0>]}
[0m01:12:54.322881 [debug] [MainThread]: Flushing usage events
[0m01:12:55.535110 [debug] [MainThread]: An error was encountered while trying to flush usage events
